This file contains any messages produced by compilers while
running configure, to aid debugging if configure makes a mistake.

It was created by yasm configure 1.3.0.36.ge2569, which was
generated by GNU Autoconf 2.63.  Invocation command line was

  $ ./configure 

## --------- ##
## Platform. ##
## --------- ##

hostname = mengyun8-centos
uname -m = x86_64
uname -r = 2.6.32-696.23.1.el6.x86_64
uname -s = Linux
uname -v = #1 SMP Tue Mar 13 22:44:18 UTC 2018

/usr/bin/uname -p = unknown
/bin/uname -X     = unknown

/bin/arch              = x86_64
/usr/bin/arch -k       = unknown
/usr/convex/getsysinfo = unknown
/usr/bin/hostinfo      = unknown
/bin/machine           = unknown
/usr/bin/oslevel       = unknown
/bin/universe          = unknown

PATH: /usr/local/sbin
PATH: /usr/local/bin
PATH: /sbin
PATH: /bin
PATH: /usr/sbin
PATH: /usr/bin
PATH: /root/bin


## ----------- ##
## Core tests. ##
## ----------- ##

configure:1979: checking for a BSD-compatible install
configure:2047: result: /usr/bin/install -c
configure:2058: checking whether build environment is sane
configure:2118: result: yes
configure:2259: checking for a thread-safe mkdir -p
configure:2298: result: /bin/mkdir -p
configure:2311: checking for gawk
configure:2327: found /bin/gawk
configure:2338: result: gawk
configure:2349: checking whether make sets $(MAKE)
configure:2371: result: yes
configure:2454: checking whether to enable maintainer-specific portions of Makefiles
configure:2463: result: no
configure:2571: checking for style of include used by make
configure:2599: result: GNU
configure:2669: checking for gcc
configure:2685: found /usr/bin/gcc
configure:2696: result: gcc
configure:2928: checking for C compiler version
configure:2936: gcc --version >&5
gcc (GCC) 4.4.7 20120313 (Red Hat 4.4.7-18)
Copyright (C) 2010 Free Software Foundation, Inc.
This is free software; see the source for copying conditions.  There is NO
warranty; not even for MERCHANTABILITY or FITNESS FOR A PARTICULAR PURPOSE.

configure:2940: $? = 0
configure:2947: gcc -v >&5
Using built-in specs.
Target: x86_64-redhat-linux
Configured with: ../configure --prefix=/usr --mandir=/usr/share/man --infodir=/usr/share/info --with-bugurl=http://bugzilla.redhat.com/bugzilla --enable-bootstrap --enable-shared --enable-threads=posix --enable-checking=release --with-system-zlib --enable-__cxa_atexit --disable-libunwind-exceptions --enable-gnu-unique-object --enable-languages=c,c++,objc,obj-c++,java,fortran,ada --enable-java-awt=gtk --disable-dssi --with-java-home=/usr/lib/jvm/java-1.5.0-gcj-1.5.0.0/jre --enable-libgcj-multifile --enable-java-maintainer-mode --with-ecj-jar=/usr/share/java/eclipse-ecj.jar --disable-libjava-multilib --with-ppl --with-cloog --with-tune=generic --with-arch_32=i686 --build=x86_64-redhat-linux
Thread model: posix
gcc version 4.4.7 20120313 (Red Hat 4.4.7-18) (GCC) 
configure:2951: $? = 0
configure:2958: gcc -V >&5
gcc: '-V' option must have argument
configure:2962: $? = 1
configure:2985: checking for C compiler default output file name
configure:3007: gcc    conftest.c  >&5
configure:3011: $? = 0
configure:3049: result: a.out
configure:3068: checking whether the C compiler works
configure:3078: ./a.out
configure:3082: $? = 0
configure:3101: result: yes
configure:3108: checking whether we are cross compiling
configure:3110: result: no
configure:3113: checking for suffix of executables
configure:3120: gcc -o conftest    conftest.c  >&5
configure:3124: $? = 0
configure:3150: result: 
configure:3156: checking for suffix of object files
configure:3182: gcc -c   conftest.c >&5
configure:3186: $? = 0
configure:3211: result: o
configure:3215: checking whether we are using the GNU C compiler
configure:3244: gcc -c   conftest.c >&5
configure:3251: $? = 0
configure:3268: result: yes
configure:3277: checking whether gcc accepts -g
configure:3307: gcc -c -g  conftest.c >&5
configure:3314: $? = 0
configure:3415: result: yes
configure:3432: checking for gcc option to accept ISO C89
configure:3506: gcc  -c -g -O2  conftest.c >&5
configure:3513: $? = 0
configure:3536: result: none needed
configure:3556: checking dependency style of gcc
configure:3666: result: gcc3
configure:3686: checking how to run the C preprocessor
configure:3726: gcc -E  conftest.c
configure:3733: $? = 0
configure:3764: gcc -E  conftest.c
conftest.c:10:28: error: ac_nonexistent.h: No such file or directory
configure:3771: $? = 1
configure: failed program was:
| /* confdefs.h.  */
| #define PACKAGE_NAME "yasm"
| #define PACKAGE_TARNAME "yasm"
| #define PACKAGE_VERSION "1.3.0.36.ge2569"
| #define PACKAGE_STRING "yasm 1.3.0.36.ge2569"
| #define PACKAGE_BUGREPORT "bug-yasm@tortall.net"
| #define PACKAGE "yasm"
| #define VERSION "1.3.0.36.ge2569"
| /* end confdefs.h.  */
| #include <ac_nonexistent.h>
configure:3804: result: gcc -E
configure:3833: gcc -E  conftest.c
configure:3840: $? = 0
configure:3871: gcc -E  conftest.c
conftest.c:10:28: error: ac_nonexistent.h: No such file or directory
configure:3878: $? = 1
configure: failed program was:
| /* confdefs.h.  */
| #define PACKAGE_NAME "yasm"
| #define PACKAGE_TARNAME "yasm"
| #define PACKAGE_VERSION "1.3.0.36.ge2569"
| #define PACKAGE_STRING "yasm 1.3.0.36.ge2569"
| #define PACKAGE_BUGREPORT "bug-yasm@tortall.net"
| #define PACKAGE "yasm"
| #define VERSION "1.3.0.36.ge2569"
| /* end confdefs.h.  */
| #include <ac_nonexistent.h>
configure:3919: checking for gcc option to accept ISO C99
configure:4078: gcc  -c -g -O2  conftest.c >&5
conftest.c:60: error: expected ';', ',' or ')' before 'text'
conftest.c: In function 'main':
conftest.c:114: error: expected '=', ',', ';', 'asm' or '__attribute__' before 'newvar'
conftest.c:114: error: 'newvar' undeclared (first use in this function)
conftest.c:114: error: (Each undeclared identifier is reported only once
conftest.c:114: error: for each function it appears in.)
conftest.c:124: error: 'for' loop initial declarations are only allowed in C99 mode
conftest.c:124: note: use option -std=c99 or -std=gnu99 to compile your code
configure:4085: $? = 1
configure: failed program was:
| /* confdefs.h.  */
| #define PACKAGE_NAME "yasm"
| #define PACKAGE_TARNAME "yasm"
| #define PACKAGE_VERSION "1.3.0.36.ge2569"
| #define PACKAGE_STRING "yasm 1.3.0.36.ge2569"
| #define PACKAGE_BUGREPORT "bug-yasm@tortall.net"
| #define PACKAGE "yasm"
| #define VERSION "1.3.0.36.ge2569"
| /* end confdefs.h.  */
| #include <stdarg.h>
| #include <stdbool.h>
| #include <stdlib.h>
| #include <wchar.h>
| #include <stdio.h>
| 
| // Check varargs macros.  These examples are taken from C99 6.10.3.5.
| #define debug(...) fprintf (stderr, __VA_ARGS__)
| #define showlist(...) puts (#__VA_ARGS__)
| #define report(test,...) ((test) ? puts (#test) : printf (__VA_ARGS__))
| static void
| test_varargs_macros (void)
| {
|   int x = 1234;
|   int y = 5678;
|   debug ("Flag");
|   debug ("X = %d\n", x);
|   showlist (The first, second, and third items.);
|   report (x>y, "x is %d but y is %d", x, y);
| }
| 
| // Check long long types.
| #define BIG64 18446744073709551615ull
| #define BIG32 4294967295ul
| #define BIG_OK (BIG64 / BIG32 == 4294967297ull && BIG64 % BIG32 == 0)
| #if !BIG_OK
|   your preprocessor is broken;
| #endif
| #if BIG_OK
| #else
|   your preprocessor is broken;
| #endif
| static long long int bignum = -9223372036854775807LL;
| static unsigned long long int ubignum = BIG64;
| 
| struct incomplete_array
| {
|   int datasize;
|   double data[];
| };
| 
| struct named_init {
|   int number;
|   const wchar_t *name;
|   double average;
| };
| 
| typedef const char *ccp;
| 
| static inline int
| test_restrict (ccp restrict text)
| {
|   // See if C++-style comments work.
|   // Iterate through items via the restricted pointer.
|   // Also check for declarations in for loops.
|   for (unsigned int i = 0; *(text+i) != '\0'; ++i)
|     continue;
|   return 0;
| }
| 
| // Check varargs and va_copy.
| static void
| test_varargs (const char *format, ...)
| {
|   va_list args;
|   va_start (args, format);
|   va_list args_copy;
|   va_copy (args_copy, args);
| 
|   const char *str;
|   int number;
|   float fnumber;
| 
|   while (*format)
|     {
|       switch (*format++)
| 	{
| 	case 's': // string
| 	  str = va_arg (args_copy, const char *);
| 	  break;
| 	case 'd': // int
| 	  number = va_arg (args_copy, int);
| 	  break;
| 	case 'f': // float
| 	  fnumber = va_arg (args_copy, double);
| 	  break;
| 	default:
| 	  break;
| 	}
|     }
|   va_end (args_copy);
|   va_end (args);
| }
| 
| int
| main ()
| {
| 
|   // Check bool.
|   _Bool success = false;
| 
|   // Check restrict.
|   if (test_restrict ("String literal") == 0)
|     success = true;
|   char *restrict newvar = "Another string";
| 
|   // Check varargs.
|   test_varargs ("s, d' f .", "string", 65, 34.234);
|   test_varargs_macros ();
| 
|   // Check flexible array members.
|   struct incomplete_array *ia =
|     malloc (sizeof (struct incomplete_array) + (sizeof (double) * 10));
|   ia->datasize = 10;
|   for (int i = 0; i < ia->datasize; ++i)
|     ia->data[i] = i * 1.234;
| 
|   // Check named initializers.
|   struct named_init ni = {
|     .number = 34,
|     .name = L"Test wide string",
|     .average = 543.34343,
|   };
| 
|   ni.number = 58;
| 
|   int dynamic_array[ni.number];
|   dynamic_array[ni.number - 1] = 543;
| 
|   // work around unused variable warnings
|   return (!success || bignum == 0LL || ubignum == 0uLL || newvar[0] == 'x'
| 	  || dynamic_array[ni.number - 1] != 543);
| 
|   ;
|   return 0;
| }
configure:4078: gcc -std=gnu99 -c -g -O2  conftest.c >&5
configure:4085: $? = 0
configure:4115: result: -std=gnu99
configure:4246: checking for gcc -std=gnu99 option to accept ISO Standard C
configure:4257: result: -std=gnu99
configure:4276: checking for a BSD-compatible install
configure:4344: result: /usr/bin/install -c
configure:4355: checking whether ln -s works
configure:4359: result: yes
configure:4416: checking for ar
configure:4432: found /usr/bin/ar
configure:4443: result: ar
configure:4510: checking for ranlib
configure:4526: found /usr/bin/ranlib
configure:4537: result: ranlib
configure:4572: checking for xmlto
configure:4602: result: no
configure:4612: WARNING: xmlto not found, manpages will not be rebuilt.
configure:4631: checking if malloc debugging is wanted
configure:4651: result: no
configure:4662: checking for grep that handles long lines and -e
configure:4722: result: /bin/grep
configure:4727: checking for egrep
configure:4791: result: /bin/grep -E
configure:4796: checking for ANSI C header files
configure:4826: gcc -std=gnu99 -c -g -O2  conftest.c >&5
configure:4833: $? = 0
configure:4932: gcc -std=gnu99 -o conftest -g -O2   conftest.c  >&5
configure:4936: $? = 0
configure:4942: ./conftest
configure:4946: $? = 0
configure:4964: result: yes
configure:4988: checking for sys/types.h
configure:5009: gcc -std=gnu99 -c -g -O2  conftest.c >&5
configure:5016: $? = 0
configure:5033: result: yes
configure:4988: checking for sys/stat.h
configure:5009: gcc -std=gnu99 -c -g -O2  conftest.c >&5
configure:5016: $? = 0
configure:5033: result: yes
configure:4988: checking for stdlib.h
configure:5009: gcc -std=gnu99 -c -g -O2  conftest.c >&5
configure:5016: $? = 0
configure:5033: result: yes
configure:4988: checking for string.h
configure:5009: gcc -std=gnu99 -c -g -O2  conftest.c >&5
configure:5016: $? = 0
configure:5033: result: yes
configure:4988: checking for memory.h
configure:5009: gcc -std=gnu99 -c -g -O2  conftest.c >&5
configure:5016: $? = 0
configure:5033: result: yes
configure:4988: checking for strings.h
configure:5009: gcc -std=gnu99 -c -g -O2  conftest.c >&5
configure:5016: $? = 0
configure:5033: result: yes
configure:4988: checking for inttypes.h
configure:5009: gcc -std=gnu99 -c -g -O2  conftest.c >&5
configure:5016: $? = 0
configure:5033: result: yes
configure:4988: checking for stdint.h
configure:5009: gcc -std=gnu99 -c -g -O2  conftest.c >&5
configure:5016: $? = 0
configure:5033: result: yes
configure:4988: checking for unistd.h
configure:5009: gcc -std=gnu99 -c -g -O2  conftest.c >&5
configure:5016: $? = 0
configure:5033: result: yes
configure:5056: checking for strings.h
configure:5063: result: yes
configure:5067: checking libgen.h usability
configure:5084: gcc -std=gnu99 -c -g -O2  conftest.c >&5
configure:5091: $? = 0
configure:5105: result: yes
configure:5109: checking libgen.h presence
configure:5124: gcc -E  conftest.c
configure:5131: $? = 0
configure:5145: result: yes
configure:5178: checking for libgen.h
configure:5187: result: yes
configure:5056: checking for unistd.h
configure:5063: result: yes
configure:5067: checking direct.h usability
configure:5084: gcc -std=gnu99 -c -g -O2  conftest.c >&5
conftest.c:56:20: error: direct.h: No such file or directory
configure:5091: $? = 1
configure: failed program was:
| /* confdefs.h.  */
| #define PACKAGE_NAME "yasm"
| #define PACKAGE_TARNAME "yasm"
| #define PACKAGE_VERSION "1.3.0.36.ge2569"
| #define PACKAGE_STRING "yasm 1.3.0.36.ge2569"
| #define PACKAGE_BUGREPORT "bug-yasm@tortall.net"
| #define PACKAGE "yasm"
| #define VERSION "1.3.0.36.ge2569"
| #define STDC_HEADERS 1
| #define HAVE_SYS_TYPES_H 1
| #define HAVE_SYS_STAT_H 1
| #define HAVE_STDLIB_H 1
| #define HAVE_STRING_H 1
| #define HAVE_MEMORY_H 1
| #define HAVE_STRINGS_H 1
| #define HAVE_INTTYPES_H 1
| #define HAVE_STDINT_H 1
| #define HAVE_UNISTD_H 1
| #define HAVE_STRINGS_H 1
| #define HAVE_LIBGEN_H 1
| #define HAVE_UNISTD_H 1
| /* end confdefs.h.  */
| #include <stdio.h>
| #ifdef HAVE_SYS_TYPES_H
| # include <sys/types.h>
| #endif
| #ifdef HAVE_SYS_STAT_H
| # include <sys/stat.h>
| #endif
| #ifdef STDC_HEADERS
| # include <stdlib.h>
| # include <stddef.h>
| #else
| # ifdef HAVE_STDLIB_H
| #  include <stdlib.h>
| # endif
| #endif
| #ifdef HAVE_STRING_H
| # if !defined STDC_HEADERS && defined HAVE_MEMORY_H
| #  include <memory.h>
| # endif
| # include <string.h>
| #endif
| #ifdef HAVE_STRINGS_H
| # include <strings.h>
| #endif
| #ifdef HAVE_INTTYPES_H
| # include <inttypes.h>
| #endif
| #ifdef HAVE_STDINT_H
| # include <stdint.h>
| #endif
| #ifdef HAVE_UNISTD_H
| # include <unistd.h>
| #endif
| #include <direct.h>
configure:5105: result: no
configure:5109: checking direct.h presence
configure:5124: gcc -E  conftest.c
conftest.c:23:20: error: direct.h: No such file or directory
configure:5131: $? = 1
configure: failed program was:
| /* confdefs.h.  */
| #define PACKAGE_NAME "yasm"
| #define PACKAGE_TARNAME "yasm"
| #define PACKAGE_VERSION "1.3.0.36.ge2569"
| #define PACKAGE_STRING "yasm 1.3.0.36.ge2569"
| #define PACKAGE_BUGREPORT "bug-yasm@tortall.net"
| #define PACKAGE "yasm"
| #define VERSION "1.3.0.36.ge2569"
| #define STDC_HEADERS 1
| #define HAVE_SYS_TYPES_H 1
| #define HAVE_SYS_STAT_H 1
| #define HAVE_STDLIB_H 1
| #define HAVE_STRING_H 1
| #define HAVE_MEMORY_H 1
| #define HAVE_STRINGS_H 1
| #define HAVE_INTTYPES_H 1
| #define HAVE_STDINT_H 1
| #define HAVE_UNISTD_H 1
| #define HAVE_STRINGS_H 1
| #define HAVE_LIBGEN_H 1
| #define HAVE_UNISTD_H 1
| /* end confdefs.h.  */
| #include <direct.h>
configure:5145: result: no
configure:5178: checking for direct.h
configure:5187: result: no
configure:5056: checking for sys/stat.h
configure:5063: result: yes
configure:5213: checking for an ANSI C-conforming const
configure:5288: gcc -std=gnu99 -c -g -O2  conftest.c >&5
configure:5295: $? = 0
configure:5310: result: yes
configure:5320: checking for inline
configure:5346: gcc -std=gnu99 -c -g -O2  conftest.c >&5
configure:5353: $? = 0
configure:5371: result: inline
configure:5390: checking for function prototypes
configure:5393: result: yes
configure:5410: checking for size_t
configure:5438: gcc -std=gnu99 -c -g -O2  conftest.c >&5
configure:5445: $? = 0
configure:5472: gcc -std=gnu99 -c -g -O2  conftest.c >&5
conftest.c: In function 'main':
conftest.c:62: error: expected expression before ')' token
configure:5479: $? = 1
configure: failed program was:
| /* confdefs.h.  */
| #define PACKAGE_NAME "yasm"
| #define PACKAGE_TARNAME "yasm"
| #define PACKAGE_VERSION "1.3.0.36.ge2569"
| #define PACKAGE_STRING "yasm 1.3.0.36.ge2569"
| #define PACKAGE_BUGREPORT "bug-yasm@tortall.net"
| #define PACKAGE "yasm"
| #define VERSION "1.3.0.36.ge2569"
| #define STDC_HEADERS 1
| #define HAVE_SYS_TYPES_H 1
| #define HAVE_SYS_STAT_H 1
| #define HAVE_STDLIB_H 1
| #define HAVE_STRING_H 1
| #define HAVE_MEMORY_H 1
| #define HAVE_STRINGS_H 1
| #define HAVE_INTTYPES_H 1
| #define HAVE_STDINT_H 1
| #define HAVE_UNISTD_H 1
| #define HAVE_STRINGS_H 1
| #define HAVE_LIBGEN_H 1
| #define HAVE_UNISTD_H 1
| #define HAVE_SYS_STAT_H 1
| #define PROTOTYPES 1
| #define __PROTOTYPES 1
| /* end confdefs.h.  */
| #include <stdio.h>
| #ifdef HAVE_SYS_TYPES_H
| # include <sys/types.h>
| #endif
| #ifdef HAVE_SYS_STAT_H
| # include <sys/stat.h>
| #endif
| #ifdef STDC_HEADERS
| # include <stdlib.h>
| # include <stddef.h>
| #else
| # ifdef HAVE_STDLIB_H
| #  include <stdlib.h>
| # endif
| #endif
| #ifdef HAVE_STRING_H
| # if !defined STDC_HEADERS && defined HAVE_MEMORY_H
| #  include <memory.h>
| # endif
| # include <string.h>
| #endif
| #ifdef HAVE_STRINGS_H
| # include <strings.h>
| #endif
| #ifdef HAVE_INTTYPES_H
| # include <inttypes.h>
| #endif
| #ifdef HAVE_STDINT_H
| # include <stdint.h>
| #endif
| #ifdef HAVE_UNISTD_H
| # include <unistd.h>
| #endif
| int
| main ()
| {
| if (sizeof ((size_t)))
| 	  return 0;
|   ;
|   return 0;
| }
configure:5502: result: yes
configure:5515: checking for stdint types
configure:5548: gcc -std=gnu99 -c   conftest.c >&5
configure:5555: $? = 0
configure:5588: result: stdint.h (shortcircuit)
configure:8435: result: make use of stdint.h in libyasm-stdint.h (assuming C99 compatible system)
configure:8452: checking for abort
configure:8508: gcc -std=gnu99 -o conftest -g -O2   conftest.c  >&5
conftest.c:49: warning: conflicting types for built-in function 'abort'
configure:8515: $? = 0
configure:8537: result: yes
configure:8452: checking for toascii
configure:8508: gcc -std=gnu99 -o conftest -g -O2   conftest.c  >&5
conftest.c:50: warning: conflicting types for built-in function 'toascii'
configure:8515: $? = 0
configure:8537: result: yes
configure:8452: checking for vsnprintf
configure:8508: gcc -std=gnu99 -o conftest -g -O2   conftest.c  >&5
conftest.c:51: warning: conflicting types for built-in function 'vsnprintf'
configure:8515: $? = 0
configure:8537: result: yes
configure:8555: checking for strsep
configure:8611: gcc -std=gnu99 -o conftest -g -O2   conftest.c  >&5
configure:8618: $? = 0
configure:8640: result: yes
configure:8555: checking for mergesort
configure:8611: gcc -std=gnu99 -o conftest -g -O2   conftest.c  >&5
/tmp/ccHhQutb.o: In function `main':
/root/work/code/ffmpeg-4.0/modules/yasm/conftest.c:64: undefined reference to `mergesort'
collect2: ld returned 1 exit status
configure:8618: $? = 1
configure: failed program was:
| /* confdefs.h.  */
| #define PACKAGE_NAME "yasm"
| #define PACKAGE_TARNAME "yasm"
| #define PACKAGE_VERSION "1.3.0.36.ge2569"
| #define PACKAGE_STRING "yasm 1.3.0.36.ge2569"
| #define PACKAGE_BUGREPORT "bug-yasm@tortall.net"
| #define PACKAGE "yasm"
| #define VERSION "1.3.0.36.ge2569"
| #define STDC_HEADERS 1
| #define HAVE_SYS_TYPES_H 1
| #define HAVE_SYS_STAT_H 1
| #define HAVE_STDLIB_H 1
| #define HAVE_STRING_H 1
| #define HAVE_MEMORY_H 1
| #define HAVE_STRINGS_H 1
| #define HAVE_INTTYPES_H 1
| #define HAVE_STDINT_H 1
| #define HAVE_UNISTD_H 1
| #define HAVE_STRINGS_H 1
| #define HAVE_LIBGEN_H 1
| #define HAVE_UNISTD_H 1
| #define HAVE_SYS_STAT_H 1
| #define PROTOTYPES 1
| #define __PROTOTYPES 1
| #define HAVE_ABORT 1
| #define HAVE_TOASCII 1
| #define HAVE_VSNPRINTF 1
| #define HAVE_STRSEP 1
| /* end confdefs.h.  */
| /* Define mergesort to an innocuous variant, in case <limits.h> declares mergesort.
|    For example, HP-UX 11i <limits.h> declares gettimeofday.  */
| #define mergesort innocuous_mergesort
| 
| /* System header to define __stub macros and hopefully few prototypes,
|     which can conflict with char mergesort (); below.
|     Prefer <limits.h> to <assert.h> if __STDC__ is defined, since
|     <limits.h> exists even on freestanding compilers.  */
| 
| #ifdef __STDC__
| # include <limits.h>
| #else
| # include <assert.h>
| #endif
| 
| #undef mergesort
| 
| /* Override any GCC internal prototype to avoid an error.
|    Use char because int might match the return type of a GCC
|    builtin and then its argument prototype would still apply.  */
| #ifdef __cplusplus
| extern "C"
| #endif
| char mergesort ();
| /* The GNU C library defines this for functions which it implements
|     to always fail with ENOSYS.  Some functions are actually named
|     something starting with __ and the normal name is an alias.  */
| #if defined __stub_mergesort || defined __stub___mergesort
| choke me
| #endif
| 
| int
| main ()
| {
| return mergesort ();
|   ;
|   return 0;
| }
configure:8640: result: no
configure:8555: checking for getcwd
configure:8611: gcc -std=gnu99 -o conftest -g -O2   conftest.c  >&5
configure:8618: $? = 0
configure:8640: result: yes
configure:8657: checking for popen
configure:8713: gcc -std=gnu99 -o conftest -g -O2   conftest.c  >&5
configure:8720: $? = 0
configure:8742: result: yes
configure:8657: checking for ftruncate
configure:8713: gcc -std=gnu99 -o conftest -g -O2   conftest.c  >&5
configure:8720: $? = 0
configure:8742: result: yes
configure:8763: checking for strcasecmp
configure:8819: gcc -std=gnu99 -o conftest -g -O2   conftest.c  >&5
conftest.c:56: warning: conflicting types for built-in function 'strcasecmp'
configure:8826: $? = 0
configure:8848: result: yes
configure:8763: checking for strncasecmp
configure:8819: gcc -std=gnu99 -o conftest -g -O2   conftest.c  >&5
conftest.c:57: warning: conflicting types for built-in function 'strncasecmp'
configure:8826: $? = 0
configure:8848: result: yes
configure:8763: checking for stricmp
configure:8819: gcc -std=gnu99 -o conftest -g -O2   conftest.c  >&5
/tmp/ccofGaME.o: In function `main':
/root/work/code/ffmpeg-4.0/modules/yasm/conftest.c:69: undefined reference to `stricmp'
collect2: ld returned 1 exit status
configure:8826: $? = 1
configure: failed program was:
| /* confdefs.h.  */
| #define PACKAGE_NAME "yasm"
| #define PACKAGE_TARNAME "yasm"
| #define PACKAGE_VERSION "1.3.0.36.ge2569"
| #define PACKAGE_STRING "yasm 1.3.0.36.ge2569"
| #define PACKAGE_BUGREPORT "bug-yasm@tortall.net"
| #define PACKAGE "yasm"
| #define VERSION "1.3.0.36.ge2569"
| #define STDC_HEADERS 1
| #define HAVE_SYS_TYPES_H 1
| #define HAVE_SYS_STAT_H 1
| #define HAVE_STDLIB_H 1
| #define HAVE_STRING_H 1
| #define HAVE_MEMORY_H 1
| #define HAVE_STRINGS_H 1
| #define HAVE_INTTYPES_H 1
| #define HAVE_STDINT_H 1
| #define HAVE_UNISTD_H 1
| #define HAVE_STRINGS_H 1
| #define HAVE_LIBGEN_H 1
| #define HAVE_UNISTD_H 1
| #define HAVE_SYS_STAT_H 1
| #define PROTOTYPES 1
| #define __PROTOTYPES 1
| #define HAVE_ABORT 1
| #define HAVE_TOASCII 1
| #define HAVE_VSNPRINTF 1
| #define HAVE_STRSEP 1
| #define HAVE_GETCWD 1
| #define HAVE_POPEN 1
| #define HAVE_FTRUNCATE 1
| #define HAVE_STRCASECMP 1
| #define HAVE_STRNCASECMP 1
| /* end confdefs.h.  */
| /* Define stricmp to an innocuous variant, in case <limits.h> declares stricmp.
|    For example, HP-UX 11i <limits.h> declares gettimeofday.  */
| #define stricmp innocuous_stricmp
| 
| /* System header to define __stub macros and hopefully few prototypes,
|     which can conflict with char stricmp (); below.
|     Prefer <limits.h> to <assert.h> if __STDC__ is defined, since
|     <limits.h> exists even on freestanding compilers.  */
| 
| #ifdef __STDC__
| # include <limits.h>
| #else
| # include <assert.h>
| #endif
| 
| #undef stricmp
| 
| /* Override any GCC internal prototype to avoid an error.
|    Use char because int might match the return type of a GCC
|    builtin and then its argument prototype would still apply.  */
| #ifdef __cplusplus
| extern "C"
| #endif
| char stricmp ();
| /* The GNU C library defines this for functions which it implements
|     to always fail with ENOSYS.  Some functions are actually named
|     something starting with __ and the normal name is an alias.  */
| #if defined __stub_stricmp || defined __stub___stricmp
| choke me
| #endif
| 
| int
| main ()
| {
| return stricmp ();
|   ;
|   return 0;
| }
configure:8848: result: no
configure:8763: checking for _stricmp
configure:8819: gcc -std=gnu99 -o conftest -g -O2   conftest.c  >&5
/tmp/ccO0Cd5I.o: In function `main':
/root/work/code/ffmpeg-4.0/modules/yasm/conftest.c:69: undefined reference to `_stricmp'
collect2: ld returned 1 exit status
configure:8826: $? = 1
configure: failed program was:
| /* confdefs.h.  */
| #define PACKAGE_NAME "yasm"
| #define PACKAGE_TARNAME "yasm"
| #define PACKAGE_VERSION "1.3.0.36.ge2569"
| #define PACKAGE_STRING "yasm 1.3.0.36.ge2569"
| #define PACKAGE_BUGREPORT "bug-yasm@tortall.net"
| #define PACKAGE "yasm"
| #define VERSION "1.3.0.36.ge2569"
| #define STDC_HEADERS 1
| #define HAVE_SYS_TYPES_H 1
| #define HAVE_SYS_STAT_H 1
| #define HAVE_STDLIB_H 1
| #define HAVE_STRING_H 1
| #define HAVE_MEMORY_H 1
| #define HAVE_STRINGS_H 1
| #define HAVE_INTTYPES_H 1
| #define HAVE_STDINT_H 1
| #define HAVE_UNISTD_H 1
| #define HAVE_STRINGS_H 1
| #define HAVE_LIBGEN_H 1
| #define HAVE_UNISTD_H 1
| #define HAVE_SYS_STAT_H 1
| #define PROTOTYPES 1
| #define __PROTOTYPES 1
| #define HAVE_ABORT 1
| #define HAVE_TOASCII 1
| #define HAVE_VSNPRINTF 1
| #define HAVE_STRSEP 1
| #define HAVE_GETCWD 1
| #define HAVE_POPEN 1
| #define HAVE_FTRUNCATE 1
| #define HAVE_STRCASECMP 1
| #define HAVE_STRNCASECMP 1
| /* end confdefs.h.  */
| /* Define _stricmp to an innocuous variant, in case <limits.h> declares _stricmp.
|    For example, HP-UX 11i <limits.h> declares gettimeofday.  */
| #define _stricmp innocuous__stricmp
| 
| /* System header to define __stub macros and hopefully few prototypes,
|     which can conflict with char _stricmp (); below.
|     Prefer <limits.h> to <assert.h> if __STDC__ is defined, since
|     <limits.h> exists even on freestanding compilers.  */
| 
| #ifdef __STDC__
| # include <limits.h>
| #else
| # include <assert.h>
| #endif
| 
| #undef _stricmp
| 
| /* Override any GCC internal prototype to avoid an error.
|    Use char because int might match the return type of a GCC
|    builtin and then its argument prototype would still apply.  */
| #ifdef __cplusplus
| extern "C"
| #endif
| char _stricmp ();
| /* The GNU C library defines this for functions which it implements
|     to always fail with ENOSYS.  Some functions are actually named
|     something starting with __ and the normal name is an alias.  */
| #if defined __stub__stricmp || defined __stub____stricmp
| choke me
| #endif
| 
| int
| main ()
| {
| return _stricmp ();
|   ;
|   return 0;
| }
configure:8848: result: no
configure:8763: checking for strcmpi
configure:8819: gcc -std=gnu99 -o conftest -g -O2   conftest.c  >&5
/tmp/ccUS0lnL.o: In function `main':
/root/work/code/ffmpeg-4.0/modules/yasm/conftest.c:69: undefined reference to `strcmpi'
collect2: ld returned 1 exit status
configure:8826: $? = 1
configure: failed program was:
| /* confdefs.h.  */
| #define PACKAGE_NAME "yasm"
| #define PACKAGE_TARNAME "yasm"
| #define PACKAGE_VERSION "1.3.0.36.ge2569"
| #define PACKAGE_STRING "yasm 1.3.0.36.ge2569"
| #define PACKAGE_BUGREPORT "bug-yasm@tortall.net"
| #define PACKAGE "yasm"
| #define VERSION "1.3.0.36.ge2569"
| #define STDC_HEADERS 1
| #define HAVE_SYS_TYPES_H 1
| #define HAVE_SYS_STAT_H 1
| #define HAVE_STDLIB_H 1
| #define HAVE_STRING_H 1
| #define HAVE_MEMORY_H 1
| #define HAVE_STRINGS_H 1
| #define HAVE_INTTYPES_H 1
| #define HAVE_STDINT_H 1
| #define HAVE_UNISTD_H 1
| #define HAVE_STRINGS_H 1
| #define HAVE_LIBGEN_H 1
| #define HAVE_UNISTD_H 1
| #define HAVE_SYS_STAT_H 1
| #define PROTOTYPES 1
| #define __PROTOTYPES 1
| #define HAVE_ABORT 1
| #define HAVE_TOASCII 1
| #define HAVE_VSNPRINTF 1
| #define HAVE_STRSEP 1
| #define HAVE_GETCWD 1
| #define HAVE_POPEN 1
| #define HAVE_FTRUNCATE 1
| #define HAVE_STRCASECMP 1
| #define HAVE_STRNCASECMP 1
| /* end confdefs.h.  */
| /* Define strcmpi to an innocuous variant, in case <limits.h> declares strcmpi.
|    For example, HP-UX 11i <limits.h> declares gettimeofday.  */
| #define strcmpi innocuous_strcmpi
| 
| /* System header to define __stub macros and hopefully few prototypes,
|     which can conflict with char strcmpi (); below.
|     Prefer <limits.h> to <assert.h> if __STDC__ is defined, since
|     <limits.h> exists even on freestanding compilers.  */
| 
| #ifdef __STDC__
| # include <limits.h>
| #else
| # include <assert.h>
| #endif
| 
| #undef strcmpi
| 
| /* Override any GCC internal prototype to avoid an error.
|    Use char because int might match the return type of a GCC
|    builtin and then its argument prototype would still apply.  */
| #ifdef __cplusplus
| extern "C"
| #endif
| char strcmpi ();
| /* The GNU C library defines this for functions which it implements
|     to always fail with ENOSYS.  Some functions are actually named
|     something starting with __ and the normal name is an alias.  */
| #if defined __stub_strcmpi || defined __stub___strcmpi
| choke me
| #endif
| 
| int
| main ()
| {
| return strcmpi ();
|   ;
|   return 0;
| }
configure:8848: result: no
configure:8865: checking for a sed that does not truncate output
configure:8931: result: /bin/sed
configure:8937: checking whether NLS is requested
configure:8946: result: yes
configure:8986: checking for msgfmt
configure:9021: result: no
configure:9027: checking for gmsgfmt
configure:9058: result: :
configure:9108: checking for xgettext
configure:9143: result: no
configure:9185: checking for msgmerge
configure:9219: result: no
configure:9255: checking build system type
configure:9273: result: x86_64-unknown-linux-gnu
configure:9295: checking host system type
configure:9310: result: x86_64-unknown-linux-gnu
configure:9357: checking for ld used by gcc -std=gnu99
configure:9424: result: /usr/bin/ld
configure:9433: checking if the linker (/usr/bin/ld) is GNU ld
configure:9448: result: yes
configure:9455: checking for shared library run path origin
configure:9468: result: done
configure:10080: checking for GNU gettext in libc
configure:10114: gcc -std=gnu99 -o conftest -g -O2   conftest.c  >&5
configure:10121: $? = 0
configure:10143: result: yes
configure:11129: checking whether to use NLS
configure:11131: result: yes
configure:11134: checking where the gettext function comes from
configure:11145: result: libc
configure:11221: checking for GNU C Library
configure:11247: result: yes
configure:11363: Checking for Python
configure:11400: checking for a Python interpreter with version >= 2.4
configure:11417: python -c import sys # split strings by '.' and convert to numeric. Append some zeros # because we need at least 4 digits for the hex conversion. # map returns an iterator in Python 3.0 and a list in 2.x minver = list(map(int, '2.4'.split('.'))) + [0, 0, 0] minverhex = 0 # xrange is not present in Python 3.0 and range returns an iterator for i in list(range(0, 4)): minverhex = (minverhex << 8) + minver[i] sys.exit(sys.hexversion < minverhex)
configure:11420: $? = 0
configure:11427: result: python
configure:11435: checking for python
configure:11453: found /usr/bin/python
configure:11465: result: /usr/bin/python
configure:11484: checking for python version
configure:11491: result: 2.6
configure:11503: checking for python platform
configure:11510: result: linux2
configure:11517: checking for python script directory
configure:11546: result: ${prefix}/lib/python2.6/site-packages
configure:11555: checking for python extension module directory
configure:11584: result: ${exec_prefix}/lib64/python2.6/site-packages
configure:11900: creating ./config.status

## ---------------------- ##
## Running config.status. ##
## ---------------------- ##

This file was extended by yasm config.status 1.3.0.36.ge2569, which was
generated by GNU Autoconf 2.63.  Invocation command line was

  CONFIG_FILES    = 
  CONFIG_HEADERS  = 
  CONFIG_LINKS    = 
  CONFIG_COMMANDS = 
  $ ./config.status 

on mengyun8-centos

config.status:874: creating Makefile
config.status:874: creating po/Makefile.in
config.status:874: creating config.h
config.status:1096: config.h is unchanged
config.status:1148: executing depfiles commands
config.status:1148: executing libyasm-stdint.h commands
config.status:1291: creating libyasm-stdint.h : _YASM_LIBYASM_STDINT_H
config.status:1723: libyasm-stdint.h is unchanged
config.status:1148: executing po-directories commands

## ---------------- ##
## Cache variables. ##
## ---------------- ##

ac_cv_build=x86_64-unknown-linux-gnu
ac_cv_c_compiler_gnu=yes
ac_cv_c_const=yes
ac_cv_c_inline=inline
ac_cv_env_CCLD_FOR_BUILD_set=
ac_cv_env_CCLD_FOR_BUILD_value=
ac_cv_env_CC_FOR_BUILD_set=
ac_cv_env_CC_FOR_BUILD_value=
ac_cv_env_CC_set=
ac_cv_env_CC_value=
ac_cv_env_CFLAGS_set=
ac_cv_env_CFLAGS_value=
ac_cv_env_CPPFLAGS_set=
ac_cv_env_CPPFLAGS_value=
ac_cv_env_CPP_FOR_HOST_set=
ac_cv_env_CPP_FOR_HOST_value=
ac_cv_env_CPP_set=
ac_cv_env_CPP_value=
ac_cv_env_LDFLAGS_set=
ac_cv_env_LDFLAGS_value=
ac_cv_env_LIBS_set=
ac_cv_env_LIBS_value=
ac_cv_env_build_alias_set=
ac_cv_env_build_alias_value=
ac_cv_env_host_alias_set=
ac_cv_env_host_alias_value=
ac_cv_env_target_alias_set=
ac_cv_env_target_alias_value=
ac_cv_func__stricmp=no
ac_cv_func_abort=yes
ac_cv_func_ftruncate=yes
ac_cv_func_getcwd=yes
ac_cv_func_mergesort=no
ac_cv_func_popen=yes
ac_cv_func_strcasecmp=yes
ac_cv_func_strcmpi=no
ac_cv_func_stricmp=no
ac_cv_func_strncasecmp=yes
ac_cv_func_strsep=yes
ac_cv_func_toascii=yes
ac_cv_func_vsnprintf=yes
ac_cv_header_direct_h=no
ac_cv_header_inttypes_h=yes
ac_cv_header_libgen_h=yes
ac_cv_header_memory_h=yes
ac_cv_header_stdc=yes
ac_cv_header_stdint=stdint.h
ac_cv_header_stdint_h=yes
ac_cv_header_stdint_t=stdint.h
ac_cv_header_stdlib_h=yes
ac_cv_header_string_h=yes
ac_cv_header_strings_h=yes
ac_cv_header_sys_stat_h=yes
ac_cv_header_sys_types_h=yes
ac_cv_header_unistd_h=yes
ac_cv_host=x86_64-unknown-linux-gnu
ac_cv_objext=o
ac_cv_path_EGREP='/bin/grep -E'
ac_cv_path_GMSGFMT=:
ac_cv_path_GREP=/bin/grep
ac_cv_path_MSGFMT=:
ac_cv_path_MSGMERGE=:
ac_cv_path_PYTHON=/usr/bin/python
ac_cv_path_SED=/bin/sed
ac_cv_path_XGETTEXT=:
ac_cv_path_install='/usr/bin/install -c'
ac_cv_path_mkdir=/bin/mkdir
ac_cv_prog_AWK=gawk
ac_cv_prog_CPP='gcc -E'
ac_cv_prog_ac_ct_AR=ar
ac_cv_prog_ac_ct_CC=gcc
ac_cv_prog_ac_ct_RANLIB=ranlib
ac_cv_prog_cc_c89=
ac_cv_prog_cc_c99=-std=gnu99
ac_cv_prog_cc_g=yes
ac_cv_prog_cc_stdc=-std=gnu99
ac_cv_prog_make_make_set=yes
ac_cv_stdint_message='using gcc -std=gnu99'
ac_cv_stdint_result='(assuming C99 compatible system)'
ac_cv_type_size_t=yes
acl_cv_hardcode_direct=no
acl_cv_hardcode_libdir_flag_spec='${wl}-rpath ${wl}$libdir'
acl_cv_hardcode_libdir_separator=
acl_cv_hardcode_minus_L=no
acl_cv_libext=a
acl_cv_libname_spec='lib$name'
acl_cv_library_names_spec='$libname$shrext'
acl_cv_path_LD=/usr/bin/ld
acl_cv_prog_gnu_ld=yes
acl_cv_rpath=done
acl_cv_shlibext=so
acl_cv_wl=-Wl,
am_cv_CC_dependencies_compiler_type=gcc3
am_cv_pathless_PYTHON=python
am_cv_python_platform=linux2
am_cv_python_pyexecdir='${exec_prefix}/lib64/python2.6/site-packages'
am_cv_python_pythondir='${prefix}/lib/python2.6/site-packages'
am_cv_python_version=2.6
gt_cv_func_gnugettext1_libc=yes
yasm_cv_header_gnulib=yes

## ----------------- ##
## Output variables. ##
## ----------------- ##

ACLOCAL='${SHELL} /root/work/code/ffmpeg-4.0/modules/yasm/config/missing --run aclocal-1.11'
AMDEPBACKSLASH='\'
AMDEP_FALSE='#'
AMDEP_TRUE=''
AMTAR='${SHELL} /root/work/code/ffmpeg-4.0/modules/yasm/config/missing --run tar'
AR='ar'
ARCH='x86'
AUTOCONF='${SHELL} /root/work/code/ffmpeg-4.0/modules/yasm/config/missing --run autoconf'
AUTOHEADER='${SHELL} /root/work/code/ffmpeg-4.0/modules/yasm/config/missing --run autoheader'
AUTOMAKE='${SHELL} /root/work/code/ffmpeg-4.0/modules/yasm/config/missing --run automake-1.11'
AWK='gawk'
BUILD_MAN_FALSE=''
BUILD_MAN_TRUE='#'
CC='gcc -std=gnu99'
CCDEPMODE='depmode=gcc3'
CCLD_FOR_BUILD='$(CC)'
CC_FOR_BUILD='$(CC)'
CFLAGS='-g -O2'
CPP='gcc -E'
CPPFLAGS=''
CPP_FOR_HOST=''
CYGPATH_W='echo'
DEFS='-DHAVE_CONFIG_H'
DEPDIR='.deps'
ECHO_C=''
ECHO_N='-n'
ECHO_T=''
EGREP='/bin/grep -E'
EXEEXT=''
GCC='yes'
GETTEXT_MACRO_VERSION='0.18'
GMSGFMT=':'
GMSGFMT_015=':'
GREP='/bin/grep'
HAVE_PYTHON_BINDINGS_FALSE=''
HAVE_PYTHON_BINDINGS_TRUE='#'
HAVE_PYTHON_FALSE='#'
HAVE_PYTHON_TRUE=''
INSTALL_DATA='${INSTALL} -m 644'
INSTALL_PROGRAM='${INSTALL}'
INSTALL_SCRIPT='${INSTALL}'
INSTALL_STRIP_PROGRAM='$(install_sh) -c -s'
INTLLIBS=''
LDFLAGS=''
LIBICONV='-liconv'
LIBINTL=''
LIBOBJS=''
LIBS=''
LN_S='ln -s'
LTLIBICONV='-liconv'
LTLIBINTL=''
LTLIBOBJS=''
MAINT='#'
MAINTAINER_MODE_FALSE=''
MAINTAINER_MODE_TRUE='#'
MAKEINFO='${SHELL} /root/work/code/ffmpeg-4.0/modules/yasm/config/missing --run makeinfo'
MKDIR_P='/bin/mkdir -p'
MORE_CFLAGS=''
MSGFMT=':'
MSGFMT_015=':'
MSGMERGE=':'
OBJEXT='o'
PACKAGE='yasm'
PACKAGE_BUGREPORT='bug-yasm@tortall.net'
PACKAGE_NAME='yasm'
PACKAGE_STRING='yasm 1.3.0.36.ge2569'
PACKAGE_TARNAME='yasm'
PACKAGE_VERSION='1.3.0.36.ge2569'
PATH_SEPARATOR=':'
POSUB='po'
PYTHON='/usr/bin/python'
PYTHON_EXEC_PREFIX='${exec_prefix}'
PYTHON_INCLUDES=''
PYTHON_PLATFORM='linux2'
PYTHON_PREFIX='${prefix}'
PYTHON_VERSION='2.6'
RANLIB='ranlib'
SED='/bin/sed'
SET_MAKE=''
SHELL='/bin/sh'
STRIP=''
USE_NLS='yes'
VERSION='1.3.0.36.ge2569'
XGETTEXT=':'
XGETTEXT_015=':'
XGETTEXT_EXTRA_OPTIONS=''
XMLTO=':'
ac_ct_AR='ar'
ac_ct_CC='gcc'
am__EXEEXT_FALSE=''
am__EXEEXT_TRUE='#'
am__fastdepCC_FALSE='#'
am__fastdepCC_TRUE=''
am__include='include'
am__isrc=''
am__leading_dot='.'
am__quote=''
am__tar='${AMTAR} chof - "$$tardir"'
am__untar='${AMTAR} xf -'
bindir='${exec_prefix}/bin'
build='x86_64-unknown-linux-gnu'
build_alias=''
build_cpu='x86_64'
build_os='linux-gnu'
build_vendor='unknown'
datadir='${datarootdir}'
datarootdir='${prefix}/share'
docdir='${datarootdir}/doc/${PACKAGE_TARNAME}'
dvidir='${docdir}'
exec_prefix='${prefix}'
host='x86_64-unknown-linux-gnu'
host_alias=''
host_cpu='x86_64'
host_os='linux-gnu'
host_vendor='unknown'
htmldir='${docdir}'
includedir='${prefix}/include'
infodir='${datarootdir}/info'
install_sh='${SHELL} /root/work/code/ffmpeg-4.0/modules/yasm/config/install-sh'
libdir='${exec_prefix}/lib'
libexecdir='${exec_prefix}/libexec'
localedir='${datarootdir}/locale'
localstatedir='${prefix}/var'
mandir='${datarootdir}/man'
mkdir_p='/bin/mkdir -p'
oldincludedir='/usr/include'
pdfdir='${docdir}'
pkgpyexecdir='${pyexecdir}/yasm'
pkgpythondir='${pythondir}/yasm'
prefix='/usr/local'
program_transform_name='s,x,x,'
psdir='${docdir}'
pyexecdir='${exec_prefix}/lib64/python2.6/site-packages'
pythondir='${prefix}/lib/python2.6/site-packages'
sbindir='${exec_prefix}/sbin'
sharedstatedir='${prefix}/com'
sysconfdir='${prefix}/etc'
target_alias=''

## ----------- ##
## confdefs.h. ##
## ----------- ##

#define PACKAGE_NAME "yasm"
#define PACKAGE_TARNAME "yasm"
#define PACKAGE_VERSION "1.3.0.36.ge2569"
#define PACKAGE_STRING "yasm 1.3.0.36.ge2569"
#define PACKAGE_BUGREPORT "bug-yasm@tortall.net"
#define PACKAGE "yasm"
#define VERSION "1.3.0.36.ge2569"
#define STDC_HEADERS 1
#define HAVE_SYS_TYPES_H 1
#define HAVE_SYS_STAT_H 1
#define HAVE_STDLIB_H 1
#define HAVE_STRING_H 1
#define HAVE_MEMORY_H 1
#define HAVE_STRINGS_H 1
#define HAVE_INTTYPES_H 1
#define HAVE_STDINT_H 1
#define HAVE_UNISTD_H 1
#define HAVE_STRINGS_H 1
#define HAVE_LIBGEN_H 1
#define HAVE_UNISTD_H 1
#define HAVE_SYS_STAT_H 1
#define PROTOTYPES 1
#define __PROTOTYPES 1
#define HAVE_ABORT 1
#define HAVE_TOASCII 1
#define HAVE_VSNPRINTF 1
#define HAVE_STRSEP 1
#define HAVE_GETCWD 1
#define HAVE_POPEN 1
#define HAVE_FTRUNCATE 1
#define HAVE_STRCASECMP 1
#define HAVE_STRNCASECMP 1
#define ENABLE_NLS 1
#define HAVE_GETTEXT 1
#define HAVE_DCGETTEXT 1
#define HAVE_GNU_C_LIBRARY 1
#define CPP_PROG "cc -E"

configure: exit 0
